com.shenma.passenger.ui.activity.SplashActivity
com.shenma.passenger.ui.activity.MainActivity
com.shenma.passenger.ui.activity.CollectDriverActivity
com.shenma.passenger.ui.activity.SelectDestinationActivity
com.shenma.passenger.ui.activity.FlightInfoActivity
com.shenma.passenger.ui.activity.MoreActivity
com.shenma.passenger.ui.activity.MyRoutActivity
com.shenma.passenger.ui.activity.InviteActivity
com.shenma.passenger.ui.activity.BookCarForDayActivity
com.shenma.passenger.ui.activity.BookCarForCustomActivity
com.shenma.passenger.ui.activity.BookCarForFlightActivity
com.shenma.passenger.ui.activity.WebViewActivity
com.shenma.passenger.ui.activity.ExchangeActivity
com.shenma.passenger.ui.activity.SetAddressActivity
com.shenma.passenger.ui.activity.PassengerInfoActivity
com.shenma.passenger.ui.activity.MyRoutDetailActivity
com.shenma.passenger.ui.activity.CustomFeeDetailActivity
com.shenma.passenger.ui.activity.ChooseFlightActivity
com.shenma.passenger.ui.activity.RoutCancelReasonActivity
com.shenma.passenger.ui.activity.MyRoutStateActivity
com.shenma.passenger.ui.activity.ManageCarActivity
com.shenma.passenger.ui.activity.MultiRoutActivity
com.shenma.passenger.ui.activity.NewWebViewActivity
com.shenma.passenger.ui.activity.AboutActivity
com.shenma.passenger.ui.activity.RealFeeDetailActivity
com.shenma.passenger.ui.activity.CarbonHtmlActivity
com.shenma.passenger.ui.activity.AccountTypeActivity
com.shenma.passenger.ui.activity.LoginErrorActivity
com.shenma.passenger.ui.activity.HintLayerActivity
com.shenma.passenger.ui.activity.OrderNotesActivity
com.shenma.passenger.ui.activity.CustomMyCardListActivity
com.shenma.passenger.ui.activity.CustomCardListActivity
com.shenma.passenger.ui.activity.CustomTakeOrderActivity
com.shenma.passenger.ui.activity.SpecialDriverDetailActivity
com.shenma.passenger.ui.activity.FastAlarmActivity
com.shenma.passenger.wxapi.WXPayEntryActivity
com.shenma.passenger.wxapi.WXEntryActivity
com.module.address.ui.activity.CommonAddressActivity
com.module.address.ui.activity.CommonAddressSelectActivity
com.module.address.ui.activity.SelectAddressActivity
com.module.address.ui.activity.ShareAddressActivity
com.module.address.ui.activity.SelectCityActivity
com.module.address.ui.activity.SelectPoiActivity
com.module.user.ui.activity.LoginActivity
com.module.user.ui.activity.UserInfoActivity
com.module.user.ui.activity.UserCenterActivity
com.module.user.ui.activity.GrowthValueHistoryActivity
com.module.user.ui.activity.MemberLevelHistoryActivity
com.module.user.ui.activity.MemberPowerActivity
com.module.user.ui.activity.MyPrizesActivity
com.module.user.ui.activity.TimesCardPrizesActivity
com.module.user.ui.activity.MyPrizesDetailActivity
com.module.user.ui.activity.RightsDetailActivity
com.module.user.ui.activity.LoginStepTwoActivity
com.module.user.ui.activity.ModifyMobileTipActivity
com.module.user.ui.activity.ModifyMobileImageActivity
com.module.user.ui.activity.ModifyMobileReviewActivity
com.module.user.ui.activity.EditEmergencyContactActivity
com.module.user.ui.activity.EmergencyContactActivity
com.user.auth.ui.activity.UserAuthActivity
com.user.auth.ui.activity.UserAuthSuccessActivity
com.user.auth.ui.activity.UserAuthOtherActivity
com.user.auth.ui.activity.UserAuthStepOneActivity
com.user.auth.ui.activity.UserAuthStepTwoActivity
com.user.auth.ui.activity.UserAuthStepThreeActivity
com.user.auth.ui.activity.UserAuthReviewActivity
com.module.message.ui.activity.MessageActivity
com.module.message.ui.activity.MsgContentDetailActivity
com.module.message.ui.activity.MsgImgDetailActivity
cn.jpush.android.ui.PushActivity
cn.jpush.android.ui.PushActivity
cn.jpush.android.ui.PopWinActivity
com.wallet.fa.ui.activity.FACreateActivity
com.wallet.fa.ui.activity.FACreateSucActivity
com.wallet.fa.ui.activity.FAListActivity
com.wallet.fa.ui.activity.FADetailActivity
com.wallet.fa.ui.activity.FAManageActivity
com.wallet.bill.ui.activity.BillManageActivity
com.wallet.bill.ui.activity.BillPostAddrActivity
com.wallet.bill.ui.activity.BillPostAddrListActivity
com.wallet.bill.ui.activity.BillRecordActivity
com.wallet.bill.ui.activity.BillResendInvoiceEmailActivity
com.wallet.bill.ui.activity.BillRoutesActivity
com.wallet.bill.ui.activity.BillCurrencyAmountDetailActivity
com.wallet.bill.ui.activity.BillInfoListActivity
com.wallet.bill.ui.activity.BillInfoActivity
com.wallet.bill.ui.activity.BillApplyActivity
com.module.wallet.ui.activity.MyWalletActivity
com.module.wallet.ui.activity.RechargeActivity
com.module.wallet.ui.activity.DefaultPayAccountActivity
com.module.wallet.ui.activity.TradeListActivity
com.wallet.voucher.ui.activity.VoucherActivity
com.wallet.voucher.ui.activity.SelectVoucherActivity
com.alipay.sdk.app.H5PayActivity
com.alipay.sdk.auth.AuthActivity
com.smzc.pay.ui.activity.RechargeBankCardActivity
com.smzc.pay.ui.activity.BindBankCardStepOneActivity
com.smzc.pay.ui.activity.BindBankCardStepTwoActivity
com.smzc.pay.ui.activity.BankPayConfirmActivity
com.smzc.pay.ui.activity.BankHtmlActivity
com.smzc.pay.ui.activity.CheckSupportBankActivity
com.smzc.pay.ui.activity.BankCardManageActivity
com.smzc.pay.ui.activity.BankCardManageBindActivity
com.smzc.pay.ui.activity.CMBHtmlActivity
com.module.help.ui.activity.HelpCenterActivity
com.module.help.ui.activity.SuggestTypeActivity
com.module.help.ui.activity.FeedbackActivity
com.module.help.ui.activity.ComplaintRouteActivity
com.module.help.ui.activity.ComplaintActivity
com.module.help.ui.activity.ComplaintDetailActivity
com.soundcloud.android.crop.CropImageActivity
com.darsh.multipleimageselect.activities.AlbumSelectActivity
com.darsh.multipleimageselect.activities.ImageSelectActivity
com.readystatesoftware.chuck.internal.ui.MainActivity
com.readystatesoftware.chuck.internal.ui.TransactionActivity
com.readystatesoftware.chuck.internal.ui.MainActivity
com.sina.weibo.sdk.web.WeiboSdkWebActivity
com.sina.weibo.sdk.share.WbShareTransActivity
com.sina.weibo.sdk.share.WbShareToStoryActivity

